C:\USERS\TAMAS\DOCUMENTS\VISUAL STUDIO 2010\PROJECTS\LEGYEN öN IS MILLIOMOS\DEBUG\LEGYEN öN IS MILLIOMOS.EXE
C:\USERS\TAMAS\DOCUMENTS\VISUAL STUDIO 2010\PROJECTS\LEGYEN öN IS MILLIOMOS\DEBUG\LEGYEN öN IS MILLIOMOS.ILK
C:\USERS\TAMAS\DOCUMENTS\VISUAL STUDIO 2010\PROJECTS\LEGYEN ÖN IS MILLIOMOS\DEBUG\LEGYEN ÖN IS MILLIOMOS.PDB
C:\Users\Tamas\documents\visual studio 2010\Projects\Legyen ön is milliomos\Legyen ön is milliomos\Debug\cl.command.1.tlog
C:\Users\Tamas\documents\visual studio 2010\Projects\Legyen ön is milliomos\Legyen ön is milliomos\Debug\CL.read.1.tlog
C:\Users\Tamas\documents\visual studio 2010\Projects\Legyen ön is milliomos\Legyen ön is milliomos\Debug\CL.write.1.tlog
C:\USERS\TAMAS\DOCUMENTS\VISUAL STUDIO 2010\PROJECTS\LEGYEN öN IS MILLIOMOS\LEGYEN öN IS MILLIOMOS\DEBUG\LEGYEN öN IS MILLIOMOS.EXE.EMBED.MANIFEST
C:\USERS\TAMAS\DOCUMENTS\VISUAL STUDIO 2010\PROJECTS\LEGYEN öN IS MILLIOMOS\LEGYEN öN IS MILLIOMOS\DEBUG\LEGYEN öN IS MILLIOMOS.EXE.EMBED.MANIFEST.RES
C:\USERS\TAMAS\DOCUMENTS\VISUAL STUDIO 2010\PROJECTS\LEGYEN öN IS MILLIOMOS\LEGYEN öN IS MILLIOMOS\DEBUG\LEGYEN öN IS MILLIOMOS.EXE.INTERMEDIATE.MANIFEST
C:\Users\Tamas\documents\visual studio 2010\Projects\Legyen ön is milliomos\Legyen ön is milliomos\Debug\Legyen ön is milliomos.write.1.tlog
C:\Users\Tamas\documents\visual studio 2010\Projects\Legyen ön is milliomos\Legyen ön is milliomos\Debug\Legyen ön is milliomos_manifest.rc
C:\Users\Tamas\documents\visual studio 2010\Projects\Legyen ön is milliomos\Legyen ön is milliomos\Debug\link.13456.read.1.tlog
C:\Users\Tamas\documents\visual studio 2010\Projects\Legyen ön is milliomos\Legyen ön is milliomos\Debug\link.13456.write.1.tlog
C:\Users\Tamas\documents\visual studio 2010\Projects\Legyen ön is milliomos\Legyen ön is milliomos\Debug\link.13456-cvtres.read.1.tlog
C:\Users\Tamas\documents\visual studio 2010\Projects\Legyen ön is milliomos\Legyen ön is milliomos\Debug\link.13456-cvtres.write.1.tlog
C:\Users\Tamas\documents\visual studio 2010\Projects\Legyen ön is milliomos\Legyen ön is milliomos\Debug\link.command.1.tlog
C:\Users\Tamas\documents\visual studio 2010\Projects\Legyen ön is milliomos\Legyen ön is milliomos\Debug\link.read.1.tlog
C:\Users\Tamas\documents\visual studio 2010\Projects\Legyen ön is milliomos\Legyen ön is milliomos\Debug\link.write.1.tlog
C:\Users\Tamas\documents\visual studio 2010\Projects\Legyen ön is milliomos\Legyen ön is milliomos\Debug\link-cvtres.read.1.tlog
C:\Users\Tamas\documents\visual studio 2010\Projects\Legyen ön is milliomos\Legyen ön is milliomos\Debug\link-cvtres.write.1.tlog
C:\Users\Tamas\documents\visual studio 2010\Projects\Legyen ön is milliomos\Legyen ön is milliomos\Debug\mt.command.1.tlog
C:\Users\Tamas\documents\visual studio 2010\Projects\Legyen ön is milliomos\Legyen ön is milliomos\Debug\mt.read.1.tlog
C:\Users\Tamas\documents\visual studio 2010\Projects\Legyen ön is milliomos\Legyen ön is milliomos\Debug\mt.write.1.tlog
C:\Users\Tamas\documents\visual studio 2010\Projects\Legyen ön is milliomos\Legyen ön is milliomos\Debug\rc.command.1.tlog
C:\Users\Tamas\documents\visual studio 2010\Projects\Legyen ön is milliomos\Legyen ön is milliomos\Debug\rc.read.1.tlog
C:\Users\Tamas\documents\visual studio 2010\Projects\Legyen ön is milliomos\Legyen ön is milliomos\Debug\rc.write.1.tlog
C:\USERS\TAMAS\DOCUMENTS\VISUAL STUDIO 2010\PROJECTS\LEGYEN öN IS MILLIOMOS\LEGYEN öN IS MILLIOMOS\DEBUG\SOURCE.OBJ
C:\Users\Tamas\documents\visual studio 2010\Projects\Legyen ön is milliomos\Legyen ön is milliomos\Debug\vc100.idb
C:\USERS\TAMAS\DOCUMENTS\VISUAL STUDIO 2010\PROJECTS\LEGYEN ÖN IS MILLIOMOS\LEGYEN ÖN IS MILLIOMOS\DEBUG\VC100.PDB
